<?xml version="1.0" encoding="UTF-8"?>
<!-- Generated by org.testng.reporters.JUnitXMLReporter -->
<testsuite hostname="Shri-PC" ignored="0" name="Default test" tests="11" failures="0" timestamp="2021-11-19T21:11:14 IST" time="4.27" errors="0">
  <testcase name="verifyBrowserTitle" time="1.99" classname="preProject.UserPage"/>
  <testcase name="verifyBrowserUrl" time="0.018" classname="preProject.UserPage"/>
  <testcase name="VerifyHeader" time="0.04" classname="preProject.UserPage"/>
  <testcase name="VerifyBoxHeader" time="0.037" classname="preProject.UserPage"/>
  <testcase name="VerifyColumnName" time="0.218" classname="preProject.UserPage"/>
  <testcase name="VerifyMaleUsers" time="0.168" classname="preProject.UserPage"/>
  <testcase name="verfyTotalNumberOfUser" time="1.01" classname="preProject.UserPage"/>
  <testcase name="VerifyFemaleUsers" time="0.176" classname="preProject.UserPage"/>
  <testcase name="VerifyStateUsers" time="0.23" classname="preProject.UserPage"/>
  <testcase name="VerifyKiranCourse" time="0.144" classname="preProject.UserPage"/>
  <testcase name="VerifySagarState" time="0.156" classname="preProject.UserPage"/>
</testsuite> <!-- Default test -->
