<?xml version="1.0" encoding="UTF-8"?>
<testng-results skipped="0" failed="0" ignored="0" total="9" passed="9">
  <reporter-output>
  </reporter-output>
  <suite name="Default suite" duration-ms="3350" started-at="2021-11-18T12:06:34 IST" finished-at="2021-11-18T12:06:37 IST">
    <groups>
    </groups>
    <test name="Default test" duration-ms="3350" started-at="2021-11-18T12:06:34 IST" finished-at="2021-11-18T12:06:37 IST">
      <class name="preProject.UserPage">
        <test-method status="PASS" signature="setup()[pri:0, instance:preProject.UserPage@7fad8c79]" name="setup" is-config="true" duration-ms="4078" started-at="2021-11-18T12:06:30 IST" finished-at="2021-11-18T12:06:34 IST">
          <reporter-output>
          </reporter-output>
        </test-method> <!-- setup -->
        <test-method status="PASS" signature="verifyBrowserTitle()[pri:1, instance:preProject.UserPage@7fad8c79]" name="verifyBrowserTitle" duration-ms="1734" started-at="2021-11-18T12:06:34 IST" finished-at="2021-11-18T12:06:36 IST">
          <reporter-output>
          </reporter-output>
        </test-method> <!-- verifyBrowserTitle -->
        <test-method status="PASS" signature="verifyCurrentTitle()[pri:2, instance:preProject.UserPage@7fad8c79]" name="verifyCurrentTitle" duration-ms="18" started-at="2021-11-18T12:06:36 IST" finished-at="2021-11-18T12:06:36 IST">
          <reporter-output>
          </reporter-output>
        </test-method> <!-- verifyCurrentTitle -->
        <test-method status="PASS" signature="VerifyHeader()[pri:3, instance:preProject.UserPage@7fad8c79]" name="VerifyHeader" duration-ms="42" started-at="2021-11-18T12:06:36 IST" finished-at="2021-11-18T12:06:36 IST">
          <reporter-output>
          </reporter-output>
        </test-method> <!-- VerifyHeader -->
        <test-method status="PASS" signature="VerifyBoxHeader()[pri:4, instance:preProject.UserPage@7fad8c79]" name="VerifyBoxHeader" duration-ms="48" started-at="2021-11-18T12:06:36 IST" finished-at="2021-11-18T12:06:36 IST">
          <reporter-output>
          </reporter-output>
        </test-method> <!-- VerifyBoxHeader -->
        <test-method status="PASS" signature="VerifyColumnName()[pri:4, instance:preProject.UserPage@7fad8c79]" name="VerifyColumnName" duration-ms="191" started-at="2021-11-18T12:06:36 IST" finished-at="2021-11-18T12:06:36 IST">
          <reporter-output>
          </reporter-output>
        </test-method> <!-- VerifyColumnName -->
        <test-method status="PASS" signature="VerifyData(java.lang.String,java.lang.String,java.lang.String,java.lang.String,java.lang.String,java.lang.String,java.lang.String,java.lang.String)[pri:5, instance:preProject.UserPage@7fad8c79]" name="VerifyData" duration-ms="310" started-at="2021-11-18T12:06:36 IST" data-provider="userData" finished-at="2021-11-18T12:06:36 IST">
          <params>
            <param index="0">
              <value>
                <![CDATA[1]]>
              </value>
            </param>
            <param index="1">
              <value>
                <![CDATA[Kiran]]>
              </value>
            </param>
            <param index="2">
              <value>
                <![CDATA[kiran@gmail.com]]>
              </value>
            </param>
            <param index="3">
              <value>
                <![CDATA[9898989898]]>
              </value>
            </param>
            <param index="4">
              <value>
                <![CDATA[Java/J2EE]]>
              </value>
            </param>
            <param index="5">
              <value>
                <![CDATA[Male]]>
              </value>
            </param>
            <param index="6">
              <value>
                <![CDATA[Maharashtra]]>
              </value>
            </param>
            <param index="7">
              <value>
                <![CDATA[Delete]]>
              </value>
            </param>
          </params>
          <reporter-output>
          </reporter-output>
        </test-method> <!-- VerifyData -->
        <test-method status="PASS" signature="VerifyData(java.lang.String,java.lang.String,java.lang.String,java.lang.String,java.lang.String,java.lang.String,java.lang.String,java.lang.String)[pri:5, instance:preProject.UserPage@7fad8c79]" name="VerifyData" duration-ms="316" started-at="2021-11-18T12:06:36 IST" data-provider="userData" finished-at="2021-11-18T12:06:37 IST">
          <params>
            <param index="0">
              <value>
                <![CDATA[2]]>
              </value>
            </param>
            <param index="1">
              <value>
                <![CDATA[Sagar]]>
              </value>
            </param>
            <param index="2">
              <value>
                <![CDATA[sagar@gmail.com]]>
              </value>
            </param>
            <param index="3">
              <value>
                <![CDATA[999999999]]>
              </value>
            </param>
            <param index="4">
              <value>
                <![CDATA[Selenium]]>
              </value>
            </param>
            <param index="5">
              <value>
                <![CDATA[Male]]>
              </value>
            </param>
            <param index="6">
              <value>
                <![CDATA[Punjab]]>
              </value>
            </param>
            <param index="7">
              <value>
                <![CDATA[Delete]]>
              </value>
            </param>
          </params>
          <reporter-output>
          </reporter-output>
        </test-method> <!-- VerifyData -->
        <test-method status="PASS" signature="VerifyData(java.lang.String,java.lang.String,java.lang.String,java.lang.String,java.lang.String,java.lang.String,java.lang.String,java.lang.String)[pri:5, instance:preProject.UserPage@7fad8c79]" name="VerifyData" duration-ms="303" started-at="2021-11-18T12:06:37 IST" data-provider="userData" finished-at="2021-11-18T12:06:37 IST">
          <params>
            <param index="0">
              <value>
                <![CDATA[3]]>
              </value>
            </param>
            <param index="1">
              <value>
                <![CDATA[Monica]]>
              </value>
            </param>
            <param index="2">
              <value>
                <![CDATA[monica@gmail.com]]>
              </value>
            </param>
            <param index="3">
              <value>
                <![CDATA[1111111111]]>
              </value>
            </param>
            <param index="4">
              <value>
                <![CDATA[Python]]>
              </value>
            </param>
            <param index="5">
              <value>
                <![CDATA[Female]]>
              </value>
            </param>
            <param index="6">
              <value>
                <![CDATA[Maharashtra]]>
              </value>
            </param>
            <param index="7">
              <value>
                <![CDATA[Delete]]>
              </value>
            </param>
          </params>
          <reporter-output>
          </reporter-output>
        </test-method> <!-- VerifyData -->
        <test-method status="PASS" signature="VerifyData(java.lang.String,java.lang.String,java.lang.String,java.lang.String,java.lang.String,java.lang.String,java.lang.String,java.lang.String)[pri:5, instance:preProject.UserPage@7fad8c79]" name="VerifyData" duration-ms="307" started-at="2021-11-18T12:06:37 IST" data-provider="userData" finished-at="2021-11-18T12:06:37 IST">
          <params>
            <param index="0">
              <value>
                <![CDATA[4]]>
              </value>
            </param>
            <param index="1">
              <value>
                <![CDATA[Kimaya]]>
              </value>
            </param>
            <param index="2">
              <value>
                <![CDATA[kimaya@gmail.com]]>
              </value>
            </param>
            <param index="3">
              <value>
                <![CDATA[999999999]]>
              </value>
            </param>
            <param index="4">
              <value>
                <![CDATA[PHP]]>
              </value>
            </param>
            <param index="5">
              <value>
                <![CDATA[Female]]>
              </value>
            </param>
            <param index="6">
              <value>
                <![CDATA[Punjab]]>
              </value>
            </param>
            <param index="7">
              <value>
                <![CDATA[Delete]]>
              </value>
            </param>
          </params>
          <reporter-output>
          </reporter-output>
        </test-method> <!-- VerifyData -->
        <test-method status="PASS" signature="tearDown()[pri:0, instance:preProject.UserPage@7fad8c79]" name="tearDown" is-config="true" duration-ms="190" started-at="2021-11-18T12:06:37 IST" finished-at="2021-11-18T12:06:37 IST">
          <reporter-output>
          </reporter-output>
        </test-method> <!-- tearDown -->
      </class> <!-- preProject.UserPage -->
    </test> <!-- Default test -->
  </suite> <!-- Default suite -->
</testng-results>
